<?xml version="1.0" encoding="UTF-8"?>
<!-- Generated by org.testng.reporters.JUnitXMLReporter -->
<testsuite ignored="0" hostname="DESKTOP-EPMI7CB" failures="0" tests="34" name="EmployeesRestAPItest" time="24.656" errors="0" timestamp="01 Jun 2020 23:56:53 GMT">
  <testcase classname="com.employeeapi.testCases.TC001_Get_All_Employees" name="CheckServerType" time="0.011"/>
  <testcase classname="com.employeeapi.testCases.TC001_Get_All_Employees" name="checkContentEncoding" time="0.009"/>
  <testcase classname="com.employeeapi.testCases.TC001_Get_All_Employees" name="checkContentLength" time="0.004"/>
  <testcase classname="com.employeeapi.testCases.TC001_Get_All_Employees" name="checkContentType" time="0.003"/>
  <testcase classname="com.employeeapi.testCases.TC001_Get_All_Employees" name="checkCookies" time="0.002"/>
  <testcase classname="com.employeeapi.testCases.TC001_Get_All_Employees" name="checkResponseBody" time="0.019"/>
  <testcase classname="com.employeeapi.testCases.TC001_Get_All_Employees" name="checkResponseTime" time="0.002"/>
  <testcase classname="com.employeeapi.testCases.TC001_Get_All_Employees" name="checkStatusCode" time="0.003"/>
  <testcase classname="com.employeeapi.testCases.TC001_Get_All_Employees" name="checkStatusLine" time="0.001"/>
  <testcase classname="com.employeeapi.testCases.TC002_Get_Single_Employee_Record" name="CheckServerType" time="0.001"/>
  <testcase classname="com.employeeapi.testCases.TC002_Get_Single_Employee_Record" name="checkContentLength" time="0.002"/>
  <testcase classname="com.employeeapi.testCases.TC002_Get_Single_Employee_Record" name="checkContentType" time="0.001"/>
  <testcase classname="com.employeeapi.testCases.TC002_Get_Single_Employee_Record" name="checkResponseBody" time="0.002"/>
  <testcase classname="com.employeeapi.testCases.TC002_Get_Single_Employee_Record" name="checkResponseTime" time="0.002"/>
  <testcase classname="com.employeeapi.testCases.TC002_Get_Single_Employee_Record" name="checkStatusCode" time="0.001"/>
  <testcase classname="com.employeeapi.testCases.TC002_Get_Single_Employee_Record" name="checkStatusLine" time="0.001"/>
  <testcase classname="com.employeeapi.testCases.TC003_Post_Employee_Record" name="CheckServerType" time="0.001"/>
  <testcase classname="com.employeeapi.testCases.TC003_Post_Employee_Record" name="checkContentEncoding" time="0.006"/>
  <testcase classname="com.employeeapi.testCases.TC003_Post_Employee_Record" name="checkContentType" time="0.002"/>
  <testcase classname="com.employeeapi.testCases.TC003_Post_Employee_Record" name="checkResponseBody" time="0.001"/>
  <testcase classname="com.employeeapi.testCases.TC003_Post_Employee_Record" name="checkStatusCode" time="0.001"/>
  <testcase classname="com.employeeapi.testCases.TC003_Post_Employee_Record" name="checkStatusline" time="0.001"/>
  <testcase classname="com.employeeapi.testCases.TC004_Put_Employee_Record" name="CheckServerType" time="0.001"/>
  <testcase classname="com.employeeapi.testCases.TC004_Put_Employee_Record" name="checkContentEncoding" time="0.001"/>
  <testcase classname="com.employeeapi.testCases.TC004_Put_Employee_Record" name="checkContentType" time="0.0"/>
  <testcase classname="com.employeeapi.testCases.TC004_Put_Employee_Record" name="checkResponseBody" time="0.001"/>
  <testcase classname="com.employeeapi.testCases.TC004_Put_Employee_Record" name="checkStatusCode" time="0.001"/>
  <testcase classname="com.employeeapi.testCases.TC004_Put_Employee_Record" name="checkStatusline" time="0.001"/>
  <testcase classname="com.employeeapi.testCases.TC005_Delete_Employee_Record" name="CheckServerType" time="0.002"/>
  <testcase classname="com.employeeapi.testCases.TC005_Delete_Employee_Record" name="checkContentEncoding" time="0.001"/>
  <testcase classname="com.employeeapi.testCases.TC005_Delete_Employee_Record" name="checkContentType" time="0.001"/>
  <testcase classname="com.employeeapi.testCases.TC005_Delete_Employee_Record" name="checkResponseBody" time="0.001"/>
  <testcase classname="com.employeeapi.testCases.TC005_Delete_Employee_Record" name="checkStatusCode" time="0.0"/>
  <testcase classname="com.employeeapi.testCases.TC005_Delete_Employee_Record" name="checkStatusline" time="0.001"/>
</testsuite> <!-- EmployeesRestAPItest -->
