<?xml version="1.0" encoding="UTF-8"?>
<testng-results ignored="0" total="34" passed="34" failed="0" skipped="0">
  <reporter-output>
  </reporter-output>
  <suite started-at="2020-06-01T23:56:29Z" name="EmplyeesRestAPISuite" finished-at="2020-06-01T23:56:53Z" duration-ms="24656">
    <groups>
    </groups>
    <test started-at="2020-06-01T23:56:29Z" name="EmployeesRestAPItest" finished-at="2020-06-01T23:56:53Z" duration-ms="24656">
      <class name="com.employeeapi.testCases.TC003_Post_Employee_Record">
        <test-method is-config="true" signature="setUp()[pri:0, instance:com.employeeapi.testCases.TC003_Post_Employee_Record@49049a04]" started-at="2020-06-01T23:56:39Z" name="setUp" finished-at="2020-06-01T23:56:39Z" duration-ms="3" status="PASS">
          <reporter-output>
          </reporter-output>
        </test-method> <!-- setUp -->
        <test-method is-config="true" signature="createEmployee()[pri:0, instance:com.employeeapi.testCases.TC003_Post_Employee_Record@49049a04]" started-at="2020-06-01T23:56:39Z" name="createEmployee" finished-at="2020-06-01T23:56:44Z" duration-ms="4518" status="PASS">
          <reporter-output>
          </reporter-output>
        </test-method> <!-- createEmployee -->
        <test-method signature="CheckServerType()[pri:0, instance:com.employeeapi.testCases.TC003_Post_Employee_Record@49049a04]" started-at="2020-06-01T23:56:44Z" name="CheckServerType" finished-at="2020-06-01T23:56:44Z" duration-ms="1" status="PASS">
          <reporter-output>
          </reporter-output>
        </test-method> <!-- CheckServerType -->
        <test-method signature="checkContentEncoding()[pri:0, instance:com.employeeapi.testCases.TC003_Post_Employee_Record@49049a04]" started-at="2020-06-01T23:56:44Z" name="checkContentEncoding" finished-at="2020-06-01T23:56:44Z" duration-ms="6" status="PASS">
          <reporter-output>
          </reporter-output>
        </test-method> <!-- checkContentEncoding -->
        <test-method signature="checkContentType()[pri:0, instance:com.employeeapi.testCases.TC003_Post_Employee_Record@49049a04]" started-at="2020-06-01T23:56:44Z" name="checkContentType" finished-at="2020-06-01T23:56:44Z" duration-ms="2" status="PASS">
          <reporter-output>
          </reporter-output>
        </test-method> <!-- checkContentType -->
        <test-method signature="checkResponseBody()[pri:0, instance:com.employeeapi.testCases.TC003_Post_Employee_Record@49049a04]" started-at="2020-06-01T23:56:44Z" name="checkResponseBody" finished-at="2020-06-01T23:56:44Z" duration-ms="1" status="PASS">
          <reporter-output>
          </reporter-output>
        </test-method> <!-- checkResponseBody -->
        <test-method signature="checkStatusCode()[pri:0, instance:com.employeeapi.testCases.TC003_Post_Employee_Record@49049a04]" started-at="2020-06-01T23:56:44Z" name="checkStatusCode" finished-at="2020-06-01T23:56:44Z" duration-ms="1" status="PASS">
          <reporter-output>
          </reporter-output>
        </test-method> <!-- checkStatusCode -->
        <test-method signature="checkStatusline()[pri:0, instance:com.employeeapi.testCases.TC003_Post_Employee_Record@49049a04]" started-at="2020-06-01T23:56:44Z" name="checkStatusline" finished-at="2020-06-01T23:56:44Z" duration-ms="1" status="PASS">
          <reporter-output>
          </reporter-output>
        </test-method> <!-- checkStatusline -->
      </class> <!-- com.employeeapi.testCases.TC003_Post_Employee_Record -->
      <class name="com.employeeapi.testCases.TC001_Get_All_Employees">
        <test-method is-config="true" signature="setUp()[pri:0, instance:com.employeeapi.testCases.TC001_Get_All_Employees@67f639d3]" started-at="2020-06-01T23:56:29Z" name="setUp" finished-at="2020-06-01T23:56:29Z" duration-ms="33" status="PASS">
          <reporter-output>
          </reporter-output>
        </test-method> <!-- setUp -->
        <test-method is-config="true" signature="getAllEmployees()[pri:0, instance:com.employeeapi.testCases.TC001_Get_All_Employees@67f639d3]" started-at="2020-06-01T23:56:29Z" name="getAllEmployees" finished-at="2020-06-01T23:56:33Z" duration-ms="4542" status="PASS">
          <reporter-output>
          </reporter-output>
        </test-method> <!-- getAllEmployees -->
        <test-method signature="CheckServerType()[pri:0, instance:com.employeeapi.testCases.TC001_Get_All_Employees@67f639d3]" started-at="2020-06-01T23:56:33Z" name="CheckServerType" finished-at="2020-06-01T23:56:33Z" duration-ms="11" status="PASS">
          <reporter-output>
          </reporter-output>
        </test-method> <!-- CheckServerType -->
        <test-method signature="checkContentEncoding()[pri:0, instance:com.employeeapi.testCases.TC001_Get_All_Employees@67f639d3]" started-at="2020-06-01T23:56:34Z" name="checkContentEncoding" finished-at="2020-06-01T23:56:34Z" duration-ms="9" status="PASS">
          <reporter-output>
          </reporter-output>
        </test-method> <!-- checkContentEncoding -->
        <test-method signature="checkContentLength()[pri:0, instance:com.employeeapi.testCases.TC001_Get_All_Employees@67f639d3]" started-at="2020-06-01T23:56:34Z" name="checkContentLength" finished-at="2020-06-01T23:56:34Z" duration-ms="4" status="PASS">
          <reporter-output>
          </reporter-output>
        </test-method> <!-- checkContentLength -->
        <test-method signature="checkContentType()[pri:0, instance:com.employeeapi.testCases.TC001_Get_All_Employees@67f639d3]" started-at="2020-06-01T23:56:34Z" name="checkContentType" finished-at="2020-06-01T23:56:34Z" duration-ms="3" status="PASS">
          <reporter-output>
          </reporter-output>
        </test-method> <!-- checkContentType -->
        <test-method signature="checkCookies()[pri:0, instance:com.employeeapi.testCases.TC001_Get_All_Employees@67f639d3]" started-at="2020-06-01T23:56:34Z" name="checkCookies" finished-at="2020-06-01T23:56:34Z" duration-ms="2" status="PASS">
          <reporter-output>
          </reporter-output>
        </test-method> <!-- checkCookies -->
        <test-method signature="checkResponseBody()[pri:0, instance:com.employeeapi.testCases.TC001_Get_All_Employees@67f639d3]" started-at="2020-06-01T23:56:34Z" name="checkResponseBody" finished-at="2020-06-01T23:56:34Z" duration-ms="19" status="PASS">
          <reporter-output>
          </reporter-output>
        </test-method> <!-- checkResponseBody -->
        <test-method signature="checkResponseTime()[pri:0, instance:com.employeeapi.testCases.TC001_Get_All_Employees@67f639d3]" started-at="2020-06-01T23:56:34Z" name="checkResponseTime" finished-at="2020-06-01T23:56:34Z" duration-ms="2" status="PASS">
          <reporter-output>
          </reporter-output>
        </test-method> <!-- checkResponseTime -->
        <test-method signature="checkStatusCode()[pri:0, instance:com.employeeapi.testCases.TC001_Get_All_Employees@67f639d3]" started-at="2020-06-01T23:56:34Z" name="checkStatusCode" finished-at="2020-06-01T23:56:34Z" duration-ms="3" status="PASS">
          <reporter-output>
          </reporter-output>
        </test-method> <!-- checkStatusCode -->
        <test-method signature="checkStatusLine()[pri:0, instance:com.employeeapi.testCases.TC001_Get_All_Employees@67f639d3]" started-at="2020-06-01T23:56:34Z" name="checkStatusLine" finished-at="2020-06-01T23:56:34Z" duration-ms="1" status="PASS">
          <reporter-output>
          </reporter-output>
        </test-method> <!-- checkStatusLine -->
        <test-method is-config="true" signature="tearDown()[pri:0, instance:com.employeeapi.testCases.TC001_Get_All_Employees@67f639d3]" started-at="2020-06-01T23:56:34Z" name="tearDown" finished-at="2020-06-01T23:56:34Z" duration-ms="0" status="PASS">
          <reporter-output>
          </reporter-output>
        </test-method> <!-- tearDown -->
      </class> <!-- com.employeeapi.testCases.TC001_Get_All_Employees -->
      <class name="com.employeeapi.testCases.TC005_Delete_Employee_Record">
        <test-method is-config="true" signature="setUp()[pri:0, instance:com.employeeapi.testCases.TC005_Delete_Employee_Record@27462a88]" started-at="2020-06-01T23:56:48Z" name="setUp" finished-at="2020-06-01T23:56:48Z" duration-ms="2" status="PASS">
          <reporter-output>
          </reporter-output>
        </test-method> <!-- setUp -->
        <test-method is-config="true" signature="deleteEmployee()[pri:0, instance:com.employeeapi.testCases.TC005_Delete_Employee_Record@27462a88]" started-at="2020-06-01T23:56:48Z" name="deleteEmployee" finished-at="2020-06-01T23:56:53Z" duration-ms="5195" status="PASS">
          <reporter-output>
          </reporter-output>
        </test-method> <!-- deleteEmployee -->
        <test-method signature="CheckServerType()[pri:0, instance:com.employeeapi.testCases.TC005_Delete_Employee_Record@27462a88]" started-at="2020-06-01T23:56:53Z" name="CheckServerType" finished-at="2020-06-01T23:56:53Z" duration-ms="2" status="PASS">
          <reporter-output>
          </reporter-output>
        </test-method> <!-- CheckServerType -->
        <test-method signature="checkContentEncoding()[pri:0, instance:com.employeeapi.testCases.TC005_Delete_Employee_Record@27462a88]" started-at="2020-06-01T23:56:53Z" name="checkContentEncoding" finished-at="2020-06-01T23:56:53Z" duration-ms="1" status="PASS">
          <reporter-output>
          </reporter-output>
        </test-method> <!-- checkContentEncoding -->
        <test-method signature="checkContentType()[pri:0, instance:com.employeeapi.testCases.TC005_Delete_Employee_Record@27462a88]" started-at="2020-06-01T23:56:53Z" name="checkContentType" finished-at="2020-06-01T23:56:53Z" duration-ms="1" status="PASS">
          <reporter-output>
          </reporter-output>
        </test-method> <!-- checkContentType -->
        <test-method signature="checkResponseBody()[pri:0, instance:com.employeeapi.testCases.TC005_Delete_Employee_Record@27462a88]" started-at="2020-06-01T23:56:53Z" name="checkResponseBody" finished-at="2020-06-01T23:56:53Z" duration-ms="1" status="PASS">
          <reporter-output>
          </reporter-output>
        </test-method> <!-- checkResponseBody -->
        <test-method signature="checkStatusCode()[pri:0, instance:com.employeeapi.testCases.TC005_Delete_Employee_Record@27462a88]" started-at="2020-06-01T23:56:53Z" name="checkStatusCode" finished-at="2020-06-01T23:56:53Z" duration-ms="0" status="PASS">
          <reporter-output>
          </reporter-output>
        </test-method> <!-- checkStatusCode -->
        <test-method signature="checkStatusline()[pri:0, instance:com.employeeapi.testCases.TC005_Delete_Employee_Record@27462a88]" started-at="2020-06-01T23:56:53Z" name="checkStatusline" finished-at="2020-06-01T23:56:53Z" duration-ms="1" status="PASS">
          <reporter-output>
          </reporter-output>
        </test-method> <!-- checkStatusline -->
      </class> <!-- com.employeeapi.testCases.TC005_Delete_Employee_Record -->
      <class name="com.employeeapi.testCases.TC004_Put_Employee_Record">
        <test-method is-config="true" signature="setUp()[pri:0, instance:com.employeeapi.testCases.TC004_Put_Employee_Record@71a8adcf]" started-at="2020-06-01T23:56:44Z" name="setUp" finished-at="2020-06-01T23:56:44Z" duration-ms="2" status="PASS">
          <reporter-output>
          </reporter-output>
        </test-method> <!-- setUp -->
        <test-method is-config="true" signature="createEmployee()[pri:0, instance:com.employeeapi.testCases.TC004_Put_Employee_Record@71a8adcf]" started-at="2020-06-01T23:56:44Z" name="createEmployee" finished-at="2020-06-01T23:56:48Z" duration-ms="4442" status="PASS">
          <reporter-output>
          </reporter-output>
        </test-method> <!-- createEmployee -->
        <test-method signature="CheckServerType()[pri:0, instance:com.employeeapi.testCases.TC004_Put_Employee_Record@71a8adcf]" started-at="2020-06-01T23:56:48Z" name="CheckServerType" finished-at="2020-06-01T23:56:48Z" duration-ms="1" status="PASS">
          <reporter-output>
          </reporter-output>
        </test-method> <!-- CheckServerType -->
        <test-method signature="checkContentEncoding()[pri:0, instance:com.employeeapi.testCases.TC004_Put_Employee_Record@71a8adcf]" started-at="2020-06-01T23:56:48Z" name="checkContentEncoding" finished-at="2020-06-01T23:56:48Z" duration-ms="1" status="PASS">
          <reporter-output>
          </reporter-output>
        </test-method> <!-- checkContentEncoding -->
        <test-method signature="checkContentType()[pri:0, instance:com.employeeapi.testCases.TC004_Put_Employee_Record@71a8adcf]" started-at="2020-06-01T23:56:48Z" name="checkContentType" finished-at="2020-06-01T23:56:48Z" duration-ms="0" status="PASS">
          <reporter-output>
          </reporter-output>
        </test-method> <!-- checkContentType -->
        <test-method signature="checkResponseBody()[pri:0, instance:com.employeeapi.testCases.TC004_Put_Employee_Record@71a8adcf]" started-at="2020-06-01T23:56:48Z" name="checkResponseBody" finished-at="2020-06-01T23:56:48Z" duration-ms="1" status="PASS">
          <reporter-output>
          </reporter-output>
        </test-method> <!-- checkResponseBody -->
        <test-method signature="checkStatusCode()[pri:0, instance:com.employeeapi.testCases.TC004_Put_Employee_Record@71a8adcf]" started-at="2020-06-01T23:56:48Z" name="checkStatusCode" finished-at="2020-06-01T23:56:48Z" duration-ms="1" status="PASS">
          <reporter-output>
          </reporter-output>
        </test-method> <!-- checkStatusCode -->
        <test-method signature="checkStatusline()[pri:0, instance:com.employeeapi.testCases.TC004_Put_Employee_Record@71a8adcf]" started-at="2020-06-01T23:56:48Z" name="checkStatusline" finished-at="2020-06-01T23:56:48Z" duration-ms="1" status="PASS">
          <reporter-output>
          </reporter-output>
        </test-method> <!-- checkStatusline -->
      </class> <!-- com.employeeapi.testCases.TC004_Put_Employee_Record -->
      <class name="com.employeeapi.testCases.TC002_Get_Single_Employee_Record">
        <test-method is-config="true" signature="setUp()[pri:0, instance:com.employeeapi.testCases.TC002_Get_Single_Employee_Record@6253c26]" started-at="2020-06-01T23:56:34Z" name="setUp" finished-at="2020-06-01T23:56:34Z" duration-ms="2" status="PASS">
          <reporter-output>
          </reporter-output>
        </test-method> <!-- setUp -->
        <test-method is-config="true" signature="getSingleEmployeeData()[pri:0, instance:com.employeeapi.testCases.TC002_Get_Single_Employee_Record@6253c26]" started-at="2020-06-01T23:56:34Z" name="getSingleEmployeeData" finished-at="2020-06-01T23:56:39Z" duration-ms="5481" status="PASS">
          <reporter-output>
          </reporter-output>
        </test-method> <!-- getSingleEmployeeData -->
        <test-method signature="CheckServerType()[pri:0, instance:com.employeeapi.testCases.TC002_Get_Single_Employee_Record@6253c26]" started-at="2020-06-01T23:56:39Z" name="CheckServerType" finished-at="2020-06-01T23:56:39Z" duration-ms="1" status="PASS">
          <reporter-output>
          </reporter-output>
        </test-method> <!-- CheckServerType -->
        <test-method signature="checkContentLength()[pri:0, instance:com.employeeapi.testCases.TC002_Get_Single_Employee_Record@6253c26]" started-at="2020-06-01T23:56:39Z" name="checkContentLength" finished-at="2020-06-01T23:56:39Z" duration-ms="2" status="PASS">
          <reporter-output>
          </reporter-output>
        </test-method> <!-- checkContentLength -->
        <test-method signature="checkContentType()[pri:0, instance:com.employeeapi.testCases.TC002_Get_Single_Employee_Record@6253c26]" started-at="2020-06-01T23:56:39Z" name="checkContentType" finished-at="2020-06-01T23:56:39Z" duration-ms="1" status="PASS">
          <reporter-output>
          </reporter-output>
        </test-method> <!-- checkContentType -->
        <test-method signature="checkResponseBody()[pri:0, instance:com.employeeapi.testCases.TC002_Get_Single_Employee_Record@6253c26]" started-at="2020-06-01T23:56:39Z" name="checkResponseBody" finished-at="2020-06-01T23:56:39Z" duration-ms="2" status="PASS">
          <reporter-output>
          </reporter-output>
        </test-method> <!-- checkResponseBody -->
        <test-method signature="checkResponseTime()[pri:0, instance:com.employeeapi.testCases.TC002_Get_Single_Employee_Record@6253c26]" started-at="2020-06-01T23:56:39Z" name="checkResponseTime" finished-at="2020-06-01T23:56:39Z" duration-ms="2" status="PASS">
          <reporter-output>
          </reporter-output>
        </test-method> <!-- checkResponseTime -->
        <test-method signature="checkStatusCode()[pri:0, instance:com.employeeapi.testCases.TC002_Get_Single_Employee_Record@6253c26]" started-at="2020-06-01T23:56:39Z" name="checkStatusCode" finished-at="2020-06-01T23:56:39Z" duration-ms="1" status="PASS">
          <reporter-output>
          </reporter-output>
        </test-method> <!-- checkStatusCode -->
        <test-method signature="checkStatusLine()[pri:0, instance:com.employeeapi.testCases.TC002_Get_Single_Employee_Record@6253c26]" started-at="2020-06-01T23:56:39Z" name="checkStatusLine" finished-at="2020-06-01T23:56:39Z" duration-ms="1" status="PASS">
          <reporter-output>
          </reporter-output>
        </test-method> <!-- checkStatusLine -->
        <test-method is-config="true" signature="tearDown()[pri:0, instance:com.employeeapi.testCases.TC002_Get_Single_Employee_Record@6253c26]" started-at="2020-06-01T23:56:53Z" name="tearDown" finished-at="2020-06-01T23:56:53Z" duration-ms="0" status="PASS">
          <reporter-output>
          </reporter-output>
        </test-method> <!-- tearDown -->
        <test-method is-config="true" signature="tearDown()[pri:0, instance:com.employeeapi.testCases.TC003_Post_Employee_Record@49049a04]" started-at="2020-06-01T23:56:53Z" name="tearDown" finished-at="2020-06-01T23:56:53Z" duration-ms="1" status="PASS">
          <reporter-output>
          </reporter-output>
        </test-method> <!-- tearDown -->
        <test-method is-config="true" signature="tearDown()[pri:0, instance:com.employeeapi.testCases.TC005_Delete_Employee_Record@27462a88]" started-at="2020-06-01T23:56:53Z" name="tearDown" finished-at="2020-06-01T23:56:53Z" duration-ms="0" status="PASS">
          <reporter-output>
          </reporter-output>
        </test-method> <!-- tearDown -->
        <test-method is-config="true" signature="tearDown()[pri:0, instance:com.employeeapi.testCases.TC004_Put_Employee_Record@71a8adcf]" started-at="2020-06-01T23:56:53Z" name="tearDown" finished-at="2020-06-01T23:56:53Z" duration-ms="0" status="PASS">
          <reporter-output>
          </reporter-output>
        </test-method> <!-- tearDown -->
      </class> <!-- com.employeeapi.testCases.TC002_Get_Single_Employee_Record -->
    </test> <!-- EmployeesRestAPItest -->
  </suite> <!-- EmplyeesRestAPISuite -->
</testng-results>
